<?xml version="1.0" encoding="UTF-8"?>
<!-- Generated by org.testng.reporters.JUnitXMLReporter -->
<testsuite hostname="DESKTOP-3L9UGKR" ignored="0" name="Default test" tests="7" failures="0" timestamp="27 Apr 2021 09:15:50 GMT" time="49.718" errors="0">
  <testcase name="Testing1" time="0.401" classname="org.sample.Report"/>
  <testcase name="Testing2" time="2.572" classname="org.sample.Report"/>
  <testcase name="Testing3" time="1.645" classname="org.sample.Report"/>
  <testcase name="Testing4" time="5.045" classname="org.sample.Report"/>
  <testcase name="Testing5" time="4.87" classname="org.sample.Report"/>
  <testcase name="Testing6" time="7.086" classname="org.sample.Report"/>
  <testcase name="testing" time="0.143" classname="org.sample.Report"/>
</testsuite> <!-- Default test -->
